Microsoft (R) Macro Assembler Version 14.15.26730.0	    04/29/19 13:15:45
swap.asm						     Page 1 - 1


				.386 
				PUBLIC _WordSwap@8
				.model flat 
 00000000			.code 
 00000000			_WordSwap@8 proc
 00000000  55				push ebp  
 00000001  8B EC			mov ebp,esp  

 00000003  8B 75 08			mov esi,[ebp+8] ;адрес первого числа  
 00000006  8B 7D 0C			mov edi,[ebp+12] ;адрес второго числа  

 00000009  66| 8B 06			mov ax, word ptr [esi]  ;первое число  
 0000000C  66| 87 07			xchg ax, word ptr [edi]    
 0000000F  66| 89 06			mov word ptr [esi], ax  

 00000012  5D				pop ebp  
 00000013  C2 0008			ret 8
 00000016			_WordSwap@8 endp
				End 
Microsoft (R) Macro Assembler Version 14.15.26730.0	    04/29/19 13:15:45
swap.asm						     Symbols 2 - 1




Segments and Groups:

                N a m e                 Size     Length   Align   Combine Class

FLAT . . . . . . . . . . . . . .	GROUP
_DATA  . . . . . . . . . . . . .	32 Bit	 00000000 DWord	  Public  'DATA'	
_TEXT  . . . . . . . . . . . . .	32 Bit	 00000016 DWord	  Public  'CODE'	


Procedures, parameters, and locals:

                N a m e                 Type     Value    Attr

_WordSwap@8  . . . . . . . . . .	P Near	 00000000 _TEXT	Length= 00000016 Public


Symbols:

                N a m e                 Type     Value    Attr

@CodeSize  . . . . . . . . . . .	Number	 00000000h   
@DataSize  . . . . . . . . . . .	Number	 00000000h   
@Interface . . . . . . . . . . .	Number	 00000000h   
@Model . . . . . . . . . . . . .	Number	 00000007h   
@code  . . . . . . . . . . . . .	Text   	 _TEXT
@data  . . . . . . . . . . . . .	Text   	 FLAT
@fardata?  . . . . . . . . . . .	Text   	 FLAT
@fardata . . . . . . . . . . . .	Text   	 FLAT
@stack . . . . . . . . . . . . .	Text   	 FLAT

	   0 Warnings
	   0 Errors
