Microsoft (R) Macro Assembler Version 14.15.26730.0	    05/30/19 11:55:01
Spaces.asm						     Page 1 - 1


				.386
				public @getLength@4
				public @delFSpaces@8
				public @delLSpaces@8
				public @delSpaces@8
				public @countWords@8
				.model flat
 00000000			.data

 00000000 000186A0		maxL dd 100000
 00000004  000186A0 [		tempStr db 100000 dup (?)
	    00
	   ]

 00000000			.code

 00000000			@getLength@4 proc

 00000000  8B F1		mov esi, ecx
 00000002  B0 00		mov al, 0
 00000004  8B 0D 00000000 R	mov ecx, maxL
 0000000A  FC			cld

 0000000B			nullCmp:

 0000000B  AC			lodsb
 0000000C  3C 00		cmp al, 0

 0000000E  74 02		jz outLoop

 00000010  E2 F9		loop nullCmp

 00000012			outLoop:

 00000012  A1 00000000 R	mov eax, maxL
 00000017  2B C1		sub eax, ecx

 00000019  C3			ret

 0000001A			@getLength@4 endp

 0000001A			@delFSpaces@8 proc

 0000001A  FC			cld
 0000001B  8B F2		mov esi, edx
 0000001D  8B FA		mov edi, edx
 0000001F  8B D1		mov edx, ecx

 00000021			spaceLoop:

 00000021  AC			lodsb
 00000022  3C 20		cmp al, 20h

 00000024  75 02		jne outLoop

 00000026  E2 F9		loop spaceLoop

 00000028			outLoop:

 00000028  8B C1		mov eax, ecx

 0000002A  83 F9 00		cmp ecx, 0
 0000002D  75 09		jne notNull

 0000002F  C6 07 00		mov byte ptr [edi], 0
 00000032  B8 00000000		mov eax, 0
 00000037  C3			ret

 00000038			notNull:

 00000038  3B D1		cmp edx, ecx
 0000003A  75 01		jne delSpaces

 0000003C  C3			ret

 0000003D			delSpaces:

 0000003D  4E			dec esi

 0000003E  8B C8		mov ecx, eax
 00000040  41			inc ecx

 00000041  F3/ A4		rep movsb

 00000043  C3			ret

 00000044			@delFSpaces@8 endp

 00000044			@delLSpaces@8 proc

 00000044  83 F9 00		cmp ecx, 0
 00000047  75 06		jne notNull

 00000049  B8 00000000		mov eax, 0
 0000004E  C3			ret

 0000004F			notNull:

 0000004F  FD			std
 00000050  8B F2		mov esi, edx
 00000052  8B FA		mov edi, edx
 00000054  03 F9		add edi, ecx
 00000056  4F			dec edi
 00000057  B0 20		mov al, 20h
 00000059  F3/ AE		repe scasb
 0000005B  83 C7 02		add edi, 2
 0000005E  FC			cld
 0000005F  C6 07 00		mov byte ptr [edi], 0
 00000062  8B C7		mov eax, edi
 00000064  2B C6		sub eax, esi

 00000066  C3			ret

 00000067			@delLSpaces@8 endp

 00000067			@delSpaces@8 proc

 00000067  83 F9 00		cmp ecx, 0
 0000006A  75 01		jne notNull

 0000006C  C3			ret

 0000006D			notNull:

 0000006D  B0 20		mov al, 20h

 0000006F  8B FA		mov edi, edx
 00000071  03 F9		add edi, ecx
 00000073  4F			dec edi
 00000074  8B D7		mov edx, edi

				.while ecx > 0
 00000078  FD				std
 00000079  F2/ AE			repne scasb

 0000007B  83 F9 00			cmp ecx, 0
 0000007E  74 2A			je outW

 00000080  47				inc edi
 00000081  2B D7			sub edx, edi
 00000083  83 C2 02			add edx, 2
 00000086  41				inc ecx

 00000087  8B F7			mov esi, edi
 00000089  F3/ AE			repe scasb
					
 0000008B  83 C7 02			add edi, 2
 0000008E  83 C1 02			add ecx, 2

 00000091  FC				cld
 00000092  8B DA			mov ebx, edx
 00000094  87 D1			xchg edx, ecx
 00000096  F3/ A4			rep movsb
 00000098  8B CA			mov ecx, edx
 0000009A  8B D3			mov edx, ebx
 0000009C  4F				dec edi
 0000009D  8B DA			mov ebx, edx
 0000009F  8B D7			mov edx, edi
 000000A1  4A				dec edx
 000000A2  2B FB			sub edi, ebx
 000000A4  49				dec ecx

				.endw

 000000AA			outW:

 000000AA  FC			cld

 000000AB  C3			ret

 000000AC			@delSpaces@8 endp

 000000AC			@countWords@8 proc

 000000AC  8B FA		mov edi, edx
 000000AE  33 DB		xor ebx, ebx
 000000B0  B0 20		mov al, 20h
 000000B2  FC			cld

				.while ecx > 0

 000000B5  F2/ AE		repne scasb
 000000B7  43			inc ebx

				.endw

 000000BD  8B C3		mov eax, ebx
 000000BF  C3			ret

 000000C0			@countWords@8 endp

				end
Microsoft (R) Macro Assembler Version 14.15.26730.0	    05/30/19 11:55:01
Spaces.asm						     Symbols 2 - 1




Segments and Groups:

                N a m e                 Size     Length   Align   Combine Class

FLAT . . . . . . . . . . . . . .	GROUP
_DATA  . . . . . . . . . . . . .	32 Bit	 000186A4 DWord	  Public  'DATA'	
_TEXT  . . . . . . . . . . . . .	32 Bit	 000000C0 DWord	  Public  'CODE'	


Procedures, parameters, and locals:

                N a m e                 Type     Value    Attr

@countWords@8  . . . . . . . . .	P Near	 000000AC _TEXT	Length= 00000014 Public
@delFSpaces@8  . . . . . . . . .	P Near	 0000001A _TEXT	Length= 0000002A Public
  spaceLoop  . . . . . . . . . .	L Near	 00000021 _TEXT	
  outLoop  . . . . . . . . . . .	L Near	 00000028 _TEXT	
  notNull  . . . . . . . . . . .	L Near	 00000038 _TEXT	
  delSpaces  . . . . . . . . . .	L Near	 0000003D _TEXT	
@delLSpaces@8  . . . . . . . . .	P Near	 00000044 _TEXT	Length= 00000023 Public
  notNull  . . . . . . . . . . .	L Near	 0000004F _TEXT	
@delSpaces@8 . . . . . . . . . .	P Near	 00000067 _TEXT	Length= 00000045 Public
  notNull  . . . . . . . . . . .	L Near	 0000006D _TEXT	
  outW . . . . . . . . . . . . .	L Near	 000000AA _TEXT	
@getLength@4 . . . . . . . . . .	P Near	 00000000 _TEXT	Length= 0000001A Public
  nullCmp  . . . . . . . . . . .	L Near	 0000000B _TEXT	
  outLoop  . . . . . . . . . . .	L Near	 00000012 _TEXT	


Symbols:

                N a m e                 Type     Value    Attr

@CodeSize  . . . . . . . . . . .	Number	 00000000h   
@DataSize  . . . . . . . . . . .	Number	 00000000h   
@Interface . . . . . . . . . . .	Number	 00000000h   
@Model . . . . . . . . . . . . .	Number	 00000007h   
@code  . . . . . . . . . . . . .	Text   	 _TEXT
@data  . . . . . . . . . . . . .	Text   	 FLAT
@fardata?  . . . . . . . . . . .	Text   	 FLAT
@fardata . . . . . . . . . . . .	Text   	 FLAT
@stack . . . . . . . . . . . . .	Text   	 FLAT
maxL . . . . . . . . . . . . . .	DWord	 00000000 _DATA	
tempStr  . . . . . . . . . . . .	Byte	 00000004 _DATA	

	   0 Warnings
	   0 Errors
