Microsoft (R) Macro Assembler Version 14.15.26730.0	    05/20/19 11:17:22
OutDecision.asm						     Page 1 - 1


				.686 
				public @OutDecision@8
				.model flat 
 00000000			.code 

				EXTRN  _outDivisionBy0 : proc
				EXTRN  _outNum : proc

 00000000			@OutDecision@8 proc

 00000000  3B CA			cmp ecx, edx
 00000002  7F 26			jg _gr
 00000004  74 16			je _equal

 00000006  83 F9 FF			cmp ecx, -1
 00000009  74 43			je _nul

 0000000B  8B C2			mov eax, edx
 0000000D  41				inc ecx
 0000000E  99				cdq
 0000000F  F7 F9			idiv ecx
 00000011  8B C8			mov ecx, eax

 00000013  51				push ecx
 00000014  E8 00000000 E		call _outNum
 00000019  59				pop ecx

 0000001A  EB 37			jmp _end

 0000001C			_equal:
					
 0000001C  B9 00000004			mov ecx, 4
 00000021  51				push ecx
 00000022  E8 00000000 E		call _outNum
 00000027  59				pop ecx

 00000028  EB 29			jmp _end

 0000002A			_gr:
 0000002A  83 FA 00			cmp edx, 0
 0000002D  74 1F			je _nul

 0000002F  8B C1			mov eax, ecx
 00000031  0F AF C1			imul eax, ecx
 00000034  0F AF C1			imul eax, ecx
 00000037  B9 00000005			mov ecx, 5
 0000003C  2B C1			sub eax, ecx
 0000003E  8B CA			mov ecx, edx
 00000040  99				cdq
 00000041  F7 F9			idiv ecx
 00000043  8B C8			mov ecx, eax

 00000045  51				push ecx
 00000046  E8 00000000 E		call _outNum
 0000004B  59				pop ecx

 0000004C  EB 05			jmp _end

 0000004E			_nul:

 0000004E  E8 00000000 E		call _outDivisionBy0

 00000053			_end:
					
 00000053  C3				ret

 00000054			@OutDecision@8 endp
				End 
Microsoft (R) Macro Assembler Version 14.15.26730.0	    05/20/19 11:17:22
OutDecision.asm						     Symbols 2 - 1




Segments and Groups:

                N a m e                 Size     Length   Align   Combine Class

FLAT . . . . . . . . . . . . . .	GROUP
_DATA  . . . . . . . . . . . . .	32 Bit	 00000000 Para	  Public  'DATA'	
_TEXT  . . . . . . . . . . . . .	32 Bit	 00000054 Para	  Public  'CODE'	


Procedures, parameters, and locals:

                N a m e                 Type     Value    Attr

@OutDecision@8 . . . . . . . . .	P Near	 00000000 _TEXT	Length= 00000054 Public
  _equal . . . . . . . . . . . .	L Near	 0000001C _TEXT	
  _gr  . . . . . . . . . . . . .	L Near	 0000002A _TEXT	
  _nul . . . . . . . . . . . . .	L Near	 0000004E _TEXT	
  _end . . . . . . . . . . . . .	L Near	 00000053 _TEXT	


Symbols:

                N a m e                 Type     Value    Attr

@CodeSize  . . . . . . . . . . .	Number	 00000000h   
@DataSize  . . . . . . . . . . .	Number	 00000000h   
@Interface . . . . . . . . . . .	Number	 00000000h   
@Model . . . . . . . . . . . . .	Number	 00000007h   
@code  . . . . . . . . . . . . .	Text   	 _TEXT
@data  . . . . . . . . . . . . .	Text   	 FLAT
@fardata?  . . . . . . . . . . .	Text   	 FLAT
@fardata . . . . . . . . . . . .	Text   	 FLAT
@stack . . . . . . . . . . . . .	Text   	 FLAT
_outDivisionBy0  . . . . . . . .	L Near	 00000000 FLAT	External
_outNum  . . . . . . . . . . . .	L Near	 00000000 FLAT	External

	   0 Warnings
	   0 Errors
