Microsoft (R) Macro Assembler Version 14.15.26730.0	    05/30/19 11:53:21
Braces.asm						     Page 1 - 1


				.386
				public @getLength@4
				public @delBraces@8
				.model flat
 00000000			.data

 00000000 000186A0		maxL dd 100000

 00000000			.code

 00000000			@getLength@4 proc

 00000000  8B F1		mov esi, ecx
 00000002  B0 00		mov al, 0
 00000004  8B 0D 00000000 R	mov ecx, maxL
 0000000A  FC			cld

 0000000B			nullCmp:

 0000000B  AC			lodsb
 0000000C  3C 00		cmp al, 0

 0000000E  74 02		jz outLoop

 00000010  E2 F9		loop nullCmp

 00000012			outLoop:

 00000012  A1 00000000 R	mov eax, maxL
 00000017  2B C1		sub eax, ecx

 00000019  C3			ret

 0000001A			@getLength@4 endp

 0000001A			@delBraces@8 proc

 0000001A  83 F9 00		cmp ecx, 0
 0000001D  75 01		jne notNull

 0000001F  C3			ret

 00000020			notNull:

 00000020  8B FA		mov edi, edx
 00000022  03 F9		add edi, ecx
 00000024  4F			dec edi
 00000025  8B D7		mov edx, edi

				.while ecx > 0
 00000029  B0 29			mov al, 29h
 0000002B  FD				std
 0000002C  F2/ AE			repne scasb

 0000002E  83 F9 00			cmp ecx, 0
 00000031  74 2C			je outW

 00000033  47				inc edi
 00000034  41				inc ecx
 00000035  2B D7			sub edx, edi
 00000037  83 C2 02			add edx, 2

 0000003A  B0 28			mov al, 28h
 0000003C  8B F7			mov esi, edi
 0000003E  F2/ AE			repne scasb

 00000040  83 C7 02			add edi, 2
 00000043  83 C1 02			add ecx, 2

 00000046  FC				cld
 00000047  8B DA			mov ebx, edx
 00000049  87 D1			xchg edx, ecx
 0000004B  F3/ A4			rep movsb
 0000004D  8B CA			mov ecx, edx
 0000004F  8B D3			mov edx, ebx
 00000051  4F				dec edi
 00000052  8B DA			mov ebx, edx
 00000054  8B D7			mov edx, edi
 00000056  4A				dec edx
 00000057  2B FB			sub edi, ebx
 00000059  49				dec ecx

				.endw

 0000005F			outW:

 0000005F  FC			cld

 00000060  C3			ret

 00000061			@delBraces@8 endp

				end
Microsoft (R) Macro Assembler Version 14.15.26730.0	    05/30/19 11:53:21
Braces.asm						     Symbols 2 - 1




Segments and Groups:

                N a m e                 Size     Length   Align   Combine Class

FLAT . . . . . . . . . . . . . .	GROUP
_DATA  . . . . . . . . . . . . .	32 Bit	 00000004 DWord	  Public  'DATA'	
_TEXT  . . . . . . . . . . . . .	32 Bit	 00000061 DWord	  Public  'CODE'	


Procedures, parameters, and locals:

                N a m e                 Type     Value    Attr

@delBraces@8 . . . . . . . . . .	P Near	 0000001A _TEXT	Length= 00000047 Public
  notNull  . . . . . . . . . . .	L Near	 00000020 _TEXT	
  outW . . . . . . . . . . . . .	L Near	 0000005F _TEXT	
@getLength@4 . . . . . . . . . .	P Near	 00000000 _TEXT	Length= 0000001A Public
  nullCmp  . . . . . . . . . . .	L Near	 0000000B _TEXT	
  outLoop  . . . . . . . . . . .	L Near	 00000012 _TEXT	


Symbols:

                N a m e                 Type     Value    Attr

@CodeSize  . . . . . . . . . . .	Number	 00000000h   
@DataSize  . . . . . . . . . . .	Number	 00000000h   
@Interface . . . . . . . . . . .	Number	 00000000h   
@Model . . . . . . . . . . . . .	Number	 00000007h   
@code  . . . . . . . . . . . . .	Text   	 _TEXT
@data  . . . . . . . . . . . . .	Text   	 FLAT
@fardata?  . . . . . . . . . . .	Text   	 FLAT
@fardata . . . . . . . . . . . .	Text   	 FLAT
@stack . . . . . . . . . . . . .	Text   	 FLAT
maxL . . . . . . . . . . . . . .	DWord	 00000000 _DATA	

	   0 Warnings
	   0 Errors
